Arguments: 
  /home/bruno/.nvm/versions/node/v14.15.4/bin/node /home/bruno/.nvm/versions/node/v14.15.4/bin/yarn dev

PATH: 
  /home/bruno/.local/bin:/home/bruno/.nvm/versions/node/v14.15.4/bin:/home/bruno/.local/bin:/usr/local/sbin:/usr/local/bin:/usr/sbin:/usr/bin:/sbin:/bin:/usr/games:/usr/local/games:/snap/bin

Yarn version: 
  1.22.10

Node version: 
  14.15.4

Platform: 
  linux x64

Trace: 
  SyntaxError: /home/bruno/Documents/courses/manguinho/clean-node-api/package.json: Unexpected token } in JSON at position 1316
      at JSON.parse (<anonymous>)
      at /home/bruno/.nvm/versions/node/v14.15.4/lib/node_modules/yarn/lib/cli.js:1625:59
      at Generator.next (<anonymous>)
      at step (/home/bruno/.nvm/versions/node/v14.15.4/lib/node_modules/yarn/lib/cli.js:310:30)
      at /home/bruno/.nvm/versions/node/v14.15.4/lib/node_modules/yarn/lib/cli.js:321:13

npm manifest: 
  {
    "name": "clean-node-api",
    "version": "1.0.0",
    "description": "",
    "main": "index.js",
    "scripts": {
      "test": "jest --passWithNoTests --silent --noStackTrace --runInBand",
      "test:verbose": "jest --passWithNoTests --runInBand",
      "test:staged": "npm test --findRelatedTests",
      "test:unit": "npm test -- --watch -c ./jest-unit-config.js",
      "test:integration": "npm test -- --watch -c ./jest-integration-config.js",
      "test:ci": "npm test -- --coverage",
      "start": "sucrase-node src/main/server.ts"
    },
    "keywords": [],
    "author": "",
    "license": "ISC",
    "devDependencies": {
      "@shelf/jest-mongodb": "^2.2.1",
      "@types/bcrypt": "^5.0.0",
      "@types/express": "^4.17.13",
      "@types/jest": "^27.4.1",
      "@types/mongodb": "^4.0.7",
      "@types/node": "^17.0.21",
      "@types/validator": "^13.7.2",
      "@typescript-eslint/eslint-plugin": "^4.33.0",
      "eslint": "^7.32.0",
      "eslint-config-standard-with-typescript": "^21.0.1",
      "eslint-plugin-import": "^2.25.4",
      "eslint-plugin-node": "^11.1.0",
      "eslint-plugin-promise": "^5.2.0",
      "git-commit-msg-linter": "^4.1.1",
      "husky": "^7.0.4",
      "jest": "^27.5.1",
      "lint-staged": "^12.3.5",
      "sucrase": "^3.21.0",
      "ts-jest": "^27.1.3",
      "typescript": "^4.6.2",
      "@types/supertest": "^2.0.12",
    },
    "dependencies": {
      "bcrypt": "^5.0.1",
      "express": "^4.17.3",
      "fast-glob": "^3.2.11",
      "mongodb": "^4.5.0",
      "validator": "^13.7.0"
    }
  }

yarn manifest: 
  No manifest

Lockfile: 
  No lockfile
